C:\USERS\SHIHAOS\DOCUMENTS\VISUAL STUDIO 2012\PROJECTS\SIGN_LANGUAGE_RECOGNITION\SIGN_LANGUAGE_RECOGNITION\X64\DEBUG\NEWMAT9.OBJ
C:\USERS\SHIHAOS\DOCUMENTS\VISUAL STUDIO 2012\PROJECTS\SIGN_LANGUAGE_RECOGNITION\SIGN_LANGUAGE_RECOGNITION\X64\DEBUG\NEWMAT8.OBJ
C:\USERS\SHIHAOS\DOCUMENTS\VISUAL STUDIO 2012\PROJECTS\SIGN_LANGUAGE_RECOGNITION\SIGN_LANGUAGE_RECOGNITION\X64\DEBUG\NEWMAT7.OBJ
C:\USERS\SHIHAOS\DOCUMENTS\VISUAL STUDIO 2012\PROJECTS\SIGN_LANGUAGE_RECOGNITION\SIGN_LANGUAGE_RECOGNITION\X64\DEBUG\NEWMAT6.OBJ
C:\USERS\SHIHAOS\DOCUMENTS\VISUAL STUDIO 2012\PROJECTS\SIGN_LANGUAGE_RECOGNITION\SIGN_LANGUAGE_RECOGNITION\X64\DEBUG\NEWMAT5.OBJ
C:\USERS\SHIHAOS\DOCUMENTS\VISUAL STUDIO 2012\PROJECTS\SIGN_LANGUAGE_RECOGNITION\SIGN_LANGUAGE_RECOGNITION\X64\DEBUG\NEWMAT4.OBJ
C:\USERS\SHIHAOS\DOCUMENTS\VISUAL STUDIO 2012\PROJECTS\SIGN_LANGUAGE_RECOGNITION\SIGN_LANGUAGE_RECOGNITION\X64\DEBUG\NEWMAT3.OBJ
C:\USERS\SHIHAOS\DOCUMENTS\VISUAL STUDIO 2012\PROJECTS\SIGN_LANGUAGE_RECOGNITION\SIGN_LANGUAGE_RECOGNITION\X64\DEBUG\NEWMAT2.OBJ
C:\USERS\SHIHAOS\DOCUMENTS\VISUAL STUDIO 2012\PROJECTS\SIGN_LANGUAGE_RECOGNITION\SIGN_LANGUAGE_RECOGNITION\X64\DEBUG\NEWMAT1.OBJ
C:\USERS\SHIHAOS\DOCUMENTS\VISUAL STUDIO 2012\PROJECTS\SIGN_LANGUAGE_RECOGNITION\SIGN_LANGUAGE_RECOGNITION\X64\DEBUG\NEWFFT.OBJ
C:\USERS\SHIHAOS\DOCUMENTS\VISUAL STUDIO 2012\PROJECTS\SIGN_LANGUAGE_RECOGNITION\SIGN_LANGUAGE_RECOGNITION\X64\DEBUG\MYEXCEPT.OBJ
C:\USERS\SHIHAOS\DOCUMENTS\VISUAL STUDIO 2012\PROJECTS\SIGN_LANGUAGE_RECOGNITION\SIGN_LANGUAGE_RECOGNITION\X64\DEBUG\JACOBI.OBJ
C:\USERS\SHIHAOS\DOCUMENTS\VISUAL STUDIO 2012\PROJECTS\SIGN_LANGUAGE_RECOGNITION\SIGN_LANGUAGE_RECOGNITION\X64\DEBUG\HHOLDER.OBJ
C:\USERS\SHIHAOS\DOCUMENTS\VISUAL STUDIO 2012\PROJECTS\SIGN_LANGUAGE_RECOGNITION\SIGN_LANGUAGE_RECOGNITION\X64\DEBUG\FFT.OBJ
C:\USERS\SHIHAOS\DOCUMENTS\VISUAL STUDIO 2012\PROJECTS\SIGN_LANGUAGE_RECOGNITION\SIGN_LANGUAGE_RECOGNITION\X64\DEBUG\EVALUE.OBJ
C:\USERS\SHIHAOS\DOCUMENTS\VISUAL STUDIO 2012\PROJECTS\SIGN_LANGUAGE_RECOGNITION\SIGN_LANGUAGE_RECOGNITION\X64\DEBUG\CHOLESKY.OBJ
C:\USERS\SHIHAOS\DOCUMENTS\VISUAL STUDIO 2012\PROJECTS\SIGN_LANGUAGE_RECOGNITION\SIGN_LANGUAGE_RECOGNITION\X64\DEBUG\BANDMAT.OBJ
C:\USERS\SHIHAOS\DOCUMENTS\VISUAL STUDIO 2012\PROJECTS\SIGN_LANGUAGE_RECOGNITION\SIGN_LANGUAGE_RECOGNITION\X64\DEBUG\MEM.OBJ
C:\USERS\SHIHAOS\DOCUMENTS\VISUAL STUDIO 2012\PROJECTS\SIGN_LANGUAGE_RECOGNITION\SIGN_LANGUAGE_RECOGNITION\X64\DEBUG\K_MEAN.OBJ
C:\USERS\SHIHAOS\DOCUMENTS\VISUAL STUDIO 2012\PROJECTS\SIGN_LANGUAGE_RECOGNITION\SIGN_LANGUAGE_RECOGNITION\X64\DEBUG\HMM.OBJ
C:\USERS\SHIHAOS\DOCUMENTS\VISUAL STUDIO 2012\PROJECTS\SIGN_LANGUAGE_RECOGNITION\SIGN_LANGUAGE_RECOGNITION\X64\DEBUG\MOTIONJOINT.OBJ
C:\USERS\SHIHAOS\DOCUMENTS\VISUAL STUDIO 2012\PROJECTS\SIGN_LANGUAGE_RECOGNITION\SIGN_LANGUAGE_RECOGNITION\X64\DEBUG\MOTIONEDITOR.OBJ
C:\USERS\SHIHAOS\DOCUMENTS\VISUAL STUDIO 2012\PROJECTS\SIGN_LANGUAGE_RECOGNITION\SIGN_LANGUAGE_RECOGNITION\X64\DEBUG\MOTIONCLIP.OBJ
C:\USERS\SHIHAOS\DOCUMENTS\VISUAL STUDIO 2012\PROJECTS\SIGN_LANGUAGE_RECOGNITION\SIGN_LANGUAGE_RECOGNITION\X64\DEBUG\DATARW.OBJ
C:\USERS\SHIHAOS\DOCUMENTS\VISUAL STUDIO 2012\PROJECTS\SIGN_LANGUAGE_RECOGNITION\SIGN_LANGUAGE_RECOGNITION\X64\DEBUG\BVHWRITER.OBJ
C:\USERS\SHIHAOS\DOCUMENTS\VISUAL STUDIO 2012\PROJECTS\SIGN_LANGUAGE_RECOGNITION\SIGN_LANGUAGE_RECOGNITION\X64\DEBUG\BVHREADER.OBJ
C:\USERS\SHIHAOS\DOCUMENTS\VISUAL STUDIO 2012\PROJECTS\SIGN_LANGUAGE_RECOGNITION\SIGN_LANGUAGE_RECOGNITION\X64\DEBUG\PCA.OBJ
C:\USERS\SHIHAOS\DOCUMENTS\VISUAL STUDIO 2012\PROJECTS\SIGN_LANGUAGE_RECOGNITION\SIGN_LANGUAGE_RECOGNITION\X64\DEBUG\MATHEMATICS.OBJ
C:\USERS\SHIHAOS\DOCUMENTS\VISUAL STUDIO 2012\PROJECTS\SIGN_LANGUAGE_RECOGNITION\SIGN_LANGUAGE_RECOGNITION\X64\DEBUG\MKCGENERICFILTER.OBJ
C:\USERS\SHIHAOS\DOCUMENTS\VISUAL STUDIO 2012\PROJECTS\SIGN_LANGUAGE_RECOGNITION\SIGN_LANGUAGE_RECOGNITION\X64\DEBUG\MKCDYNAMICMATRIX.OBJ
C:\USERS\SHIHAOS\DOCUMENTS\VISUAL STUDIO 2012\PROJECTS\SIGN_LANGUAGE_RECOGNITION\SIGN_LANGUAGE_RECOGNITION\X64\DEBUG\MKCBUTTERWORTH.OBJ
C:\USERS\SHIHAOS\DOCUMENTS\VISUAL STUDIO 2012\PROJECTS\SIGN_LANGUAGE_RECOGNITION\SIGN_LANGUAGE_RECOGNITION\X64\DEBUG\BASICEXCEPTION.OBJ
C:\USERS\SHIHAOS\DOCUMENTS\VISUAL STUDIO 2012\PROJECTS\SIGN_LANGUAGE_RECOGNITION\SIGN_LANGUAGE_RECOGNITION\X64\DEBUG\STATE.OBJ
C:\USERS\SHIHAOS\DOCUMENTS\VISUAL STUDIO 2012\PROJECTS\SIGN_LANGUAGE_RECOGNITION\SIGN_LANGUAGE_RECOGNITION\X64\DEBUG\SVD.OBJ
C:\USERS\SHIHAOS\DOCUMENTS\VISUAL STUDIO 2012\PROJECTS\SIGN_LANGUAGE_RECOGNITION\SIGN_LANGUAGE_RECOGNITION\X64\DEBUG\SUBMAT.OBJ
C:\USERS\SHIHAOS\DOCUMENTS\VISUAL STUDIO 2012\PROJECTS\SIGN_LANGUAGE_RECOGNITION\SIGN_LANGUAGE_RECOGNITION\X64\DEBUG\SORT.OBJ
C:\USERS\SHIHAOS\DOCUMENTS\VISUAL STUDIO 2012\PROJECTS\SIGN_LANGUAGE_RECOGNITION\SIGN_LANGUAGE_RECOGNITION\X64\DEBUG\SOLUTION.OBJ
C:\USERS\SHIHAOS\DOCUMENTS\VISUAL STUDIO 2012\PROJECTS\SIGN_LANGUAGE_RECOGNITION\SIGN_LANGUAGE_RECOGNITION\X64\DEBUG\NEWMATRM.OBJ
C:\USERS\SHIHAOS\DOCUMENTS\VISUAL STUDIO 2012\PROJECTS\SIGN_LANGUAGE_RECOGNITION\SIGN_LANGUAGE_RECOGNITION\X64\DEBUG\NEWMATNL.OBJ
C:\USERS\SHIHAOS\DOCUMENTS\VISUAL STUDIO 2012\PROJECTS\SIGN_LANGUAGE_RECOGNITION\SIGN_LANGUAGE_RECOGNITION\X64\DEBUG\NEWMATEX.OBJ
C:\USERS\SHIHAOS\DOCUMENTS\VISUAL STUDIO 2012\PROJECTS\SIGN_LANGUAGE_RECOGNITION\SIGN_LANGUAGE_RECOGNITION\X64\DEBUG\IDMANAGER.OBJ
C:\USERS\SHIHAOS\DOCUMENTS\VISUAL STUDIO 2012\PROJECTS\SIGN_LANGUAGE_RECOGNITION\SIGN_LANGUAGE_RECOGNITION\X64\DEBUG\GROUND.OBJ
C:\USERS\SHIHAOS\DOCUMENTS\VISUAL STUDIO 2012\PROJECTS\SIGN_LANGUAGE_RECOGNITION\SIGN_LANGUAGE_RECOGNITION\X64\DEBUG\GLWIDGET.OBJ
C:\USERS\SHIHAOS\DOCUMENTS\VISUAL STUDIO 2012\PROJECTS\SIGN_LANGUAGE_RECOGNITION\SIGN_LANGUAGE_RECOGNITION\X64\DEBUG\ELLIPSE.OBJ
C:\USERS\SHIHAOS\DOCUMENTS\VISUAL STUDIO 2012\PROJECTS\SIGN_LANGUAGE_RECOGNITION\SIGN_LANGUAGE_RECOGNITION\X64\DEBUG\BONENODE.OBJ
C:\USERS\SHIHAOS\DOCUMENTS\VISUAL STUDIO 2012\PROJECTS\SIGN_LANGUAGE_RECOGNITION\SIGN_LANGUAGE_RECOGNITION\X64\DEBUG\ABSTRACTSCENEMANAGER.OBJ
C:\USERS\SHIHAOS\DOCUMENTS\VISUAL STUDIO 2012\PROJECTS\SIGN_LANGUAGE_RECOGNITION\SIGN_LANGUAGE_RECOGNITION\X64\DEBUG\RULENODE.OBJ
C:\USERS\SHIHAOS\DOCUMENTS\VISUAL STUDIO 2012\PROJECTS\SIGN_LANGUAGE_RECOGNITION\SIGN_LANGUAGE_RECOGNITION\X64\DEBUG\RULEMANAGER.OBJ
C:\USERS\SHIHAOS\DOCUMENTS\VISUAL STUDIO 2012\PROJECTS\SIGN_LANGUAGE_RECOGNITION\SIGN_LANGUAGE_RECOGNITION\X64\DEBUG\PRIFEATURECLIP.OBJ
C:\USERS\SHIHAOS\DOCUMENTS\VISUAL STUDIO 2012\PROJECTS\SIGN_LANGUAGE_RECOGNITION\SIGN_LANGUAGE_RECOGNITION\X64\DEBUG\PCARECOGNIZER.OBJ
C:\USERS\SHIHAOS\DOCUMENTS\VISUAL STUDIO 2012\PROJECTS\SIGN_LANGUAGE_RECOGNITION\SIGN_LANGUAGE_RECOGNITION\X64\DEBUG\INFOCALCULATOR.OBJ
C:\USERS\SHIHAOS\DOCUMENTS\VISUAL STUDIO 2012\PROJECTS\SIGN_LANGUAGE_RECOGNITION\SIGN_LANGUAGE_RECOGNITION\X64\DEBUG\HMMCLASSIFIER.OBJ
C:\USERS\SHIHAOS\DOCUMENTS\VISUAL STUDIO 2012\PROJECTS\SIGN_LANGUAGE_RECOGNITION\SIGN_LANGUAGE_RECOGNITION\X64\DEBUG\FWEAKCLASSIFIERMANAGER.OBJ
C:\USERS\SHIHAOS\DOCUMENTS\VISUAL STUDIO 2012\PROJECTS\SIGN_LANGUAGE_RECOGNITION\SIGN_LANGUAGE_RECOGNITION\X64\DEBUG\FTRAINER.OBJ
C:\USERS\SHIHAOS\DOCUMENTS\VISUAL STUDIO 2012\PROJECTS\SIGN_LANGUAGE_RECOGNITION\SIGN_LANGUAGE_RECOGNITION\X64\DEBUG\FEATUREPARSER.OBJ
C:\USERS\SHIHAOS\DOCUMENTS\VISUAL STUDIO 2012\PROJECTS\SIGN_LANGUAGE_RECOGNITION\SIGN_LANGUAGE_RECOGNITION\X64\DEBUG\FEATUREMANAGER.OBJ
C:\USERS\SHIHAOS\DOCUMENTS\VISUAL STUDIO 2012\PROJECTS\SIGN_LANGUAGE_RECOGNITION\SIGN_LANGUAGE_RECOGNITION\X64\DEBUG\FEATURE.OBJ
C:\USERS\SHIHAOS\DOCUMENTS\VISUAL STUDIO 2012\PROJECTS\SIGN_LANGUAGE_RECOGNITION\SIGN_LANGUAGE_RECOGNITION\X64\DEBUG\FCLASSIFIER.OBJ
C:\USERS\SHIHAOS\DOCUMENTS\VISUAL STUDIO 2012\PROJECTS\SIGN_LANGUAGE_RECOGNITION\SIGN_LANGUAGE_RECOGNITION\X64\DEBUG\SPLINE.OBJ
C:\USERS\SHIHAOS\DOCUMENTS\VISUAL STUDIO 2012\PROJECTS\SIGN_LANGUAGE_RECOGNITION\SIGN_LANGUAGE_RECOGNITION\X64\DEBUG\SERIALTEXTDATAREADER.OBJ
C:\USERS\SHIHAOS\DOCUMENTS\VISUAL STUDIO 2012\PROJECTS\SIGN_LANGUAGE_RECOGNITION\SIGN_LANGUAGE_RECOGNITION\X64\DEBUG\MOC_SWIFTMODEL.OBJ
C:\USERS\SHIHAOS\DOCUMENTS\VISUAL STUDIO 2012\PROJECTS\SIGN_LANGUAGE_RECOGNITION\SIGN_LANGUAGE_RECOGNITION\X64\DEBUG\MOC_SIGN_LANGUAGE_RECOGNITION.OBJ
C:\USERS\SHIHAOS\DOCUMENTS\VISUAL STUDIO 2012\PROJECTS\SIGN_LANGUAGE_RECOGNITION\SIGN_LANGUAGE_RECOGNITION\X64\DEBUG\MOC_SCENEWINDOW.OBJ
C:\USERS\SHIHAOS\DOCUMENTS\VISUAL STUDIO 2012\PROJECTS\SIGN_LANGUAGE_RECOGNITION\SIGN_LANGUAGE_RECOGNITION\X64\DEBUG\MOC_SCENEMANAGER.OBJ
C:\USERS\SHIHAOS\DOCUMENTS\VISUAL STUDIO 2012\PROJECTS\SIGN_LANGUAGE_RECOGNITION\SIGN_LANGUAGE_RECOGNITION\X64\DEBUG\MOC_HMMMODEL.OBJ
C:\USERS\SHIHAOS\DOCUMENTS\VISUAL STUDIO 2012\PROJECTS\SIGN_LANGUAGE_RECOGNITION\SIGN_LANGUAGE_RECOGNITION\X64\DEBUG\MOC_GLWIDGET.OBJ
C:\USERS\SHIHAOS\DOCUMENTS\VISUAL STUDIO 2012\PROJECTS\SIGN_LANGUAGE_RECOGNITION\SIGN_LANGUAGE_RECOGNITION\X64\DEBUG\MOC_ABSTRACTSCENEMANAGER.OBJ
C:\USERS\SHIHAOS\DOCUMENTS\VISUAL STUDIO 2012\PROJECTS\SIGN_LANGUAGE_RECOGNITION\SIGN_LANGUAGE_RECOGNITION\X64\DEBUG\DEBUG_DIALOG.OBJ
C:\USERS\SHIHAOS\DOCUMENTS\VISUAL STUDIO 2012\PROJECTS\SIGN_LANGUAGE_RECOGNITION\SIGN_LANGUAGE_RECOGNITION\X64\DEBUG\CONFIG.OBJ
C:\USERS\SHIHAOS\DOCUMENTS\VISUAL STUDIO 2012\PROJECTS\SIGN_LANGUAGE_RECOGNITION\SIGN_LANGUAGE_RECOGNITION\X64\DEBUG\SWIFTMODEL.OBJ
C:\USERS\SHIHAOS\DOCUMENTS\VISUAL STUDIO 2012\PROJECTS\SIGN_LANGUAGE_RECOGNITION\SIGN_LANGUAGE_RECOGNITION\X64\DEBUG\HMMMODEL.OBJ
C:\USERS\SHIHAOS\DOCUMENTS\VISUAL STUDIO 2012\PROJECTS\SIGN_LANGUAGE_RECOGNITION\SIGN_LANGUAGE_RECOGNITION\X64\DEBUG\TRACETABLE.OBJ
C:\USERS\SHIHAOS\DOCUMENTS\VISUAL STUDIO 2012\PROJECTS\SIGN_LANGUAGE_RECOGNITION\SIGN_LANGUAGE_RECOGNITION\X64\DEBUG\SKELETON.OBJ
C:\USERS\SHIHAOS\DOCUMENTS\VISUAL STUDIO 2012\PROJECTS\SIGN_LANGUAGE_RECOGNITION\SIGN_LANGUAGE_RECOGNITION\X64\DEBUG\SIMPLEOBJECT.OBJ
C:\USERS\SHIHAOS\DOCUMENTS\VISUAL STUDIO 2012\PROJECTS\SIGN_LANGUAGE_RECOGNITION\SIGN_LANGUAGE_RECOGNITION\X64\DEBUG\SCENEWINDOW.OBJ
C:\USERS\SHIHAOS\DOCUMENTS\VISUAL STUDIO 2012\PROJECTS\SIGN_LANGUAGE_RECOGNITION\SIGN_LANGUAGE_RECOGNITION\X64\DEBUG\SCENEOBJECT.OBJ
C:\USERS\SHIHAOS\DOCUMENTS\VISUAL STUDIO 2012\PROJECTS\SIGN_LANGUAGE_RECOGNITION\SIGN_LANGUAGE_RECOGNITION\X64\DEBUG\SCENENODE.OBJ
C:\USERS\SHIHAOS\DOCUMENTS\VISUAL STUDIO 2012\PROJECTS\SIGN_LANGUAGE_RECOGNITION\SIGN_LANGUAGE_RECOGNITION\X64\DEBUG\SCENEMANAGER.OBJ
C:\USERS\SHIHAOS\DOCUMENTS\VISUAL STUDIO 2012\PROJECTS\SIGN_LANGUAGE_RECOGNITION\SIGN_LANGUAGE_RECOGNITION\X64\DEBUG\RENDERQUEUE.OBJ
C:\USERS\SHIHAOS\DOCUMENTS\VISUAL STUDIO 2012\PROJECTS\SIGN_LANGUAGE_RECOGNITION\SIGN_LANGUAGE_RECOGNITION\X64\DEBUG\NODE.OBJ
C:\USERS\SHIHAOS\DOCUMENTS\VISUAL STUDIO 2012\PROJECTS\SIGN_LANGUAGE_RECOGNITION\SIGN_LANGUAGE_RECOGNITION\X64\DEBUG\SIGN_LANGUAGE_RECOGNITION.OBJ
C:\USERS\SHIHAOS\DOCUMENTS\VISUAL STUDIO 2012\PROJECTS\SIGN_LANGUAGE_RECOGNITION\SIGN_LANGUAGE_RECOGNITION\X64\DEBUG\MAIN.OBJ
C:\USERS\SHIHAOS\DOCUMENTS\VISUAL STUDIO 2012\PROJECTS\SIGN_LANGUAGE_RECOGNITION\SIGN_LANGUAGE_RECOGNITION\X64\DEBUG\VC110.PDB
C:\USERS\SHIHAOS\DOCUMENTS\VISUAL STUDIO 2012\PROJECTS\SIGN_LANGUAGE_RECOGNITION\SIGN_LANGUAGE_RECOGNITION\X64\DEBUG\QRC_SIGN_LANGUAGE_RECOGNITION.OBJ
C:\USERS\SHIHAOS\DOCUMENTS\VISUAL STUDIO 2012\PROJECTS\SIGN_LANGUAGE_RECOGNITION\SIGN_LANGUAGE_RECOGNITION\GENERATEDFILES\DEBUG\MOC_SIGN_LANGUAGE_RECOGNITION.CPP
C:\USERS\SHIHAOS\DOCUMENTS\VISUAL STUDIO 2012\PROJECTS\SIGN_LANGUAGE_RECOGNITION\SIGN_LANGUAGE_RECOGNITION\GENERATEDFILES\UI_SIGN_LANGUAGE_RECOGNITION.H
C:\USERS\SHIHAOS\DOCUMENTS\VISUAL STUDIO 2012\PROJECTS\SIGN_LANGUAGE_RECOGNITION\SIGN_LANGUAGE_RECOGNITION\GENERATEDFILES\DEBUG\MOC_SWIFTMODEL.CPP
C:\USERS\SHIHAOS\DOCUMENTS\VISUAL STUDIO 2012\PROJECTS\SIGN_LANGUAGE_RECOGNITION\SIGN_LANGUAGE_RECOGNITION\GENERATEDFILES\DEBUG\MOC_HMMMODEL.CPP
C:\USERS\SHIHAOS\DOCUMENTS\VISUAL STUDIO 2012\PROJECTS\SIGN_LANGUAGE_RECOGNITION\SIGN_LANGUAGE_RECOGNITION\GENERATEDFILES\QRC_SIGN_LANGUAGE_RECOGNITION.CPP
C:\Users\shihaos\Documents\Visual Studio 2012\Projects\Sign_Language_Recognition\Sign_Language_Recognition\x64\Debug\abstractSceneManager.obj
C:\Users\shihaos\Documents\Visual Studio 2012\Projects\Sign_Language_Recognition\Sign_Language_Recognition\x64\Debug\bandmat.obj
C:\Users\shihaos\Documents\Visual Studio 2012\Projects\Sign_Language_Recognition\Sign_Language_Recognition\x64\Debug\BasicException.obj
C:\Users\shihaos\Documents\Visual Studio 2012\Projects\Sign_Language_Recognition\Sign_Language_Recognition\x64\Debug\BoneNode.obj
C:\Users\shihaos\Documents\Visual Studio 2012\Projects\Sign_Language_Recognition\Sign_Language_Recognition\x64\Debug\BVHReader.obj
C:\Users\shihaos\Documents\Visual Studio 2012\Projects\Sign_Language_Recognition\Sign_Language_Recognition\x64\Debug\BVHWriter.obj
C:\Users\shihaos\Documents\Visual Studio 2012\Projects\Sign_Language_Recognition\Sign_Language_Recognition\x64\Debug\cholesky.obj
C:\Users\shihaos\Documents\Visual Studio 2012\Projects\Sign_Language_Recognition\Sign_Language_Recognition\x64\Debug\config.obj
C:\Users\shihaos\Documents\Visual Studio 2012\Projects\Sign_Language_Recognition\Sign_Language_Recognition\x64\Debug\DataRW.obj
C:\Users\shihaos\Documents\Visual Studio 2012\Projects\Sign_Language_Recognition\Sign_Language_Recognition\x64\Debug\debug_dialog.obj
C:\Users\shihaos\Documents\Visual Studio 2012\Projects\Sign_Language_Recognition\Sign_Language_Recognition\x64\Debug\Ellipse.obj
C:\Users\shihaos\Documents\Visual Studio 2012\Projects\Sign_Language_Recognition\Sign_Language_Recognition\x64\Debug\evalue.obj
C:\Users\shihaos\Documents\Visual Studio 2012\Projects\Sign_Language_Recognition\Sign_Language_Recognition\x64\Debug\FClassifier.obj
C:\Users\shihaos\Documents\Visual Studio 2012\Projects\Sign_Language_Recognition\Sign_Language_Recognition\x64\Debug\Feature.obj
C:\Users\shihaos\Documents\Visual Studio 2012\Projects\Sign_Language_Recognition\Sign_Language_Recognition\x64\Debug\FeatureManager.obj
C:\Users\shihaos\Documents\Visual Studio 2012\Projects\Sign_Language_Recognition\Sign_Language_Recognition\x64\Debug\FeatureParser.obj
C:\Users\shihaos\Documents\Visual Studio 2012\Projects\Sign_Language_Recognition\Sign_Language_Recognition\x64\Debug\fft.obj
C:\Users\shihaos\Documents\Visual Studio 2012\Projects\Sign_Language_Recognition\Sign_Language_Recognition\x64\Debug\FTrainer.obj
C:\Users\shihaos\Documents\Visual Studio 2012\Projects\Sign_Language_Recognition\Sign_Language_Recognition\x64\Debug\FWeakClassifierManager.obj
C:\Users\shihaos\Documents\Visual Studio 2012\Projects\Sign_Language_Recognition\Sign_Language_Recognition\x64\Debug\GLWidget.obj
C:\Users\shihaos\Documents\Visual Studio 2012\Projects\Sign_Language_Recognition\Sign_Language_Recognition\x64\Debug\Ground.obj
C:\Users\shihaos\Documents\Visual Studio 2012\Projects\Sign_Language_Recognition\Sign_Language_Recognition\x64\Debug\hholder.obj
C:\Users\shihaos\Documents\Visual Studio 2012\Projects\Sign_Language_Recognition\Sign_Language_Recognition\x64\Debug\HMM.obj
C:\Users\shihaos\Documents\Visual Studio 2012\Projects\Sign_Language_Recognition\Sign_Language_Recognition\x64\Debug\HMMClassifier.obj
C:\Users\shihaos\Documents\Visual Studio 2012\Projects\Sign_Language_Recognition\Sign_Language_Recognition\x64\Debug\HMMModel.obj
C:\Users\shihaos\Documents\Visual Studio 2012\Projects\Sign_Language_Recognition\Sign_Language_Recognition\x64\Debug\IDManager.obj
C:\Users\shihaos\Documents\Visual Studio 2012\Projects\Sign_Language_Recognition\Sign_Language_Recognition\x64\Debug\InfoCalculator.obj
C:\Users\shihaos\Documents\Visual Studio 2012\Projects\Sign_Language_Recognition\Sign_Language_Recognition\x64\Debug\jacobi.obj
C:\Users\shihaos\Documents\Visual Studio 2012\Projects\Sign_Language_Recognition\Sign_Language_Recognition\x64\Debug\k_mean.obj
C:\Users\shihaos\Documents\Visual Studio 2012\Projects\Sign_Language_Recognition\Sign_Language_Recognition\x64\Debug\main.obj
C:\Users\shihaos\Documents\Visual Studio 2012\Projects\Sign_Language_Recognition\Sign_Language_Recognition\x64\Debug\Mathematics.obj
C:\Users\shihaos\Documents\Visual Studio 2012\Projects\Sign_Language_Recognition\Sign_Language_Recognition\x64\Debug\mem.obj
C:\Users\shihaos\Documents\Visual Studio 2012\Projects\Sign_Language_Recognition\Sign_Language_Recognition\x64\Debug\mkCButterworth.obj
C:\Users\shihaos\Documents\Visual Studio 2012\Projects\Sign_Language_Recognition\Sign_Language_Recognition\x64\Debug\mkCDynamicMatrix.obj
C:\Users\shihaos\Documents\Visual Studio 2012\Projects\Sign_Language_Recognition\Sign_Language_Recognition\x64\Debug\mkCGenericFilter.obj
C:\Users\shihaos\Documents\Visual Studio 2012\Projects\Sign_Language_Recognition\Sign_Language_Recognition\x64\Debug\moc_abstractSceneManager.obj
C:\Users\shihaos\Documents\Visual Studio 2012\Projects\Sign_Language_Recognition\Sign_Language_Recognition\x64\Debug\moc_GLWidget.obj
C:\Users\shihaos\Documents\Visual Studio 2012\Projects\Sign_Language_Recognition\Sign_Language_Recognition\x64\Debug\moc_HMMModel.obj
C:\Users\shihaos\Documents\Visual Studio 2012\Projects\Sign_Language_Recognition\Sign_Language_Recognition\x64\Debug\moc_SceneManager.obj
C:\Users\shihaos\Documents\Visual Studio 2012\Projects\Sign_Language_Recognition\Sign_Language_Recognition\x64\Debug\moc_SceneWindow.obj
C:\Users\shihaos\Documents\Visual Studio 2012\Projects\Sign_Language_Recognition\Sign_Language_Recognition\x64\Debug\moc_sign_language_recognition.obj
C:\Users\shihaos\Documents\Visual Studio 2012\Projects\Sign_Language_Recognition\Sign_Language_Recognition\x64\Debug\moc_SwiftModel.obj
C:\Users\shihaos\Documents\Visual Studio 2012\Projects\Sign_Language_Recognition\Sign_Language_Recognition\x64\Debug\MotionClip.obj
C:\Users\shihaos\Documents\Visual Studio 2012\Projects\Sign_Language_Recognition\Sign_Language_Recognition\x64\Debug\MotionEditor.obj
C:\Users\shihaos\Documents\Visual Studio 2012\Projects\Sign_Language_Recognition\Sign_Language_Recognition\x64\Debug\MotionJoint.obj
C:\Users\shihaos\Documents\Visual Studio 2012\Projects\Sign_Language_Recognition\Sign_Language_Recognition\x64\Debug\myexcept.obj
C:\Users\shihaos\Documents\Visual Studio 2012\Projects\Sign_Language_Recognition\Sign_Language_Recognition\x64\Debug\newfft.obj
C:\Users\shihaos\Documents\Visual Studio 2012\Projects\Sign_Language_Recognition\Sign_Language_Recognition\x64\Debug\newmat1.obj
C:\Users\shihaos\Documents\Visual Studio 2012\Projects\Sign_Language_Recognition\Sign_Language_Recognition\x64\Debug\newmat2.obj
C:\Users\shihaos\Documents\Visual Studio 2012\Projects\Sign_Language_Recognition\Sign_Language_Recognition\x64\Debug\newmat3.obj
C:\Users\shihaos\Documents\Visual Studio 2012\Projects\Sign_Language_Recognition\Sign_Language_Recognition\x64\Debug\newmat4.obj
C:\Users\shihaos\Documents\Visual Studio 2012\Projects\Sign_Language_Recognition\Sign_Language_Recognition\x64\Debug\newmat5.obj
C:\Users\shihaos\Documents\Visual Studio 2012\Projects\Sign_Language_Recognition\Sign_Language_Recognition\x64\Debug\newmat6.obj
C:\Users\shihaos\Documents\Visual Studio 2012\Projects\Sign_Language_Recognition\Sign_Language_Recognition\x64\Debug\newmat7.obj
C:\Users\shihaos\Documents\Visual Studio 2012\Projects\Sign_Language_Recognition\Sign_Language_Recognition\x64\Debug\newmat8.obj
C:\Users\shihaos\Documents\Visual Studio 2012\Projects\Sign_Language_Recognition\Sign_Language_Recognition\x64\Debug\newmat9.obj
C:\Users\shihaos\Documents\Visual Studio 2012\Projects\Sign_Language_Recognition\Sign_Language_Recognition\x64\Debug\newmatex.obj
C:\Users\shihaos\Documents\Visual Studio 2012\Projects\Sign_Language_Recognition\Sign_Language_Recognition\x64\Debug\newmatnl.obj
C:\Users\shihaos\Documents\Visual Studio 2012\Projects\Sign_Language_Recognition\Sign_Language_Recognition\x64\Debug\newmatrm.obj
C:\Users\shihaos\Documents\Visual Studio 2012\Projects\Sign_Language_Recognition\Sign_Language_Recognition\x64\Debug\Node.obj
C:\Users\shihaos\Documents\Visual Studio 2012\Projects\Sign_Language_Recognition\Sign_Language_Recognition\x64\Debug\pca.obj
C:\Users\shihaos\Documents\Visual Studio 2012\Projects\Sign_Language_Recognition\Sign_Language_Recognition\x64\Debug\PCARecognizer.obj
C:\Users\shihaos\Documents\Visual Studio 2012\Projects\Sign_Language_Recognition\Sign_Language_Recognition\x64\Debug\PriFeatureClip.obj
C:\Users\shihaos\Documents\Visual Studio 2012\Projects\Sign_Language_Recognition\Sign_Language_Recognition\x64\Debug\qrc_sign_language_recognition.obj
C:\Users\shihaos\Documents\Visual Studio 2012\Projects\Sign_Language_Recognition\Sign_Language_Recognition\x64\Debug\RenderQueue.obj
C:\Users\shihaos\Documents\Visual Studio 2012\Projects\Sign_Language_Recognition\Sign_Language_Recognition\x64\Debug\RuleManager.obj
C:\Users\shihaos\Documents\Visual Studio 2012\Projects\Sign_Language_Recognition\Sign_Language_Recognition\x64\Debug\RuleNode.obj
C:\Users\shihaos\Documents\Visual Studio 2012\Projects\Sign_Language_Recognition\Sign_Language_Recognition\x64\Debug\SceneManager.obj
C:\Users\shihaos\Documents\Visual Studio 2012\Projects\Sign_Language_Recognition\Sign_Language_Recognition\x64\Debug\SceneNode.obj
C:\Users\shihaos\Documents\Visual Studio 2012\Projects\Sign_Language_Recognition\Sign_Language_Recognition\x64\Debug\SceneObject.obj
C:\Users\shihaos\Documents\Visual Studio 2012\Projects\Sign_Language_Recognition\Sign_Language_Recognition\x64\Debug\SceneWindow.obj
C:\Users\shihaos\Documents\Visual Studio 2012\Projects\Sign_Language_Recognition\Sign_Language_Recognition\x64\Debug\SerialTextDataReader.obj
C:\Users\shihaos\Documents\Visual Studio 2012\Projects\Sign_Language_Recognition\Sign_Language_Recognition\x64\Debug\sign_language_recognition.obj
C:\Users\shihaos\Documents\Visual Studio 2012\Projects\Sign_Language_Recognition\Sign_Language_Recognition\x64\Debug\SimpleObject.obj
C:\Users\shihaos\Documents\Visual Studio 2012\Projects\Sign_Language_Recognition\Sign_Language_Recognition\x64\Debug\Skeleton.obj
C:\Users\shihaos\Documents\Visual Studio 2012\Projects\Sign_Language_Recognition\Sign_Language_Recognition\x64\Debug\solution.obj
C:\Users\shihaos\Documents\Visual Studio 2012\Projects\Sign_Language_Recognition\Sign_Language_Recognition\x64\Debug\sort.obj
C:\Users\shihaos\Documents\Visual Studio 2012\Projects\Sign_Language_Recognition\Sign_Language_Recognition\x64\Debug\spline.obj
C:\Users\shihaos\Documents\Visual Studio 2012\Projects\Sign_Language_Recognition\Sign_Language_Recognition\x64\Debug\State.obj
C:\Users\shihaos\Documents\Visual Studio 2012\Projects\Sign_Language_Recognition\Sign_Language_Recognition\x64\Debug\submat.obj
C:\Users\shihaos\Documents\Visual Studio 2012\Projects\Sign_Language_Recognition\Sign_Language_Recognition\x64\Debug\svd.obj
C:\Users\shihaos\Documents\Visual Studio 2012\Projects\Sign_Language_Recognition\Sign_Language_Recognition\x64\Debug\SwiftModel.obj
C:\Users\shihaos\Documents\Visual Studio 2012\Projects\Sign_Language_Recognition\Sign_Language_Recognition\x64\Debug\TraceTable.obj
C:\Users\shihaos\Documents\Visual Studio 2012\Projects\Sign_Language_Recognition\Sign_Language_Recognition\x64\Debug\cl.command.1.tlog
C:\Users\shihaos\Documents\Visual Studio 2012\Projects\Sign_Language_Recognition\Sign_Language_Recognition\x64\Debug\CL.read.1.tlog
C:\Users\shihaos\Documents\Visual Studio 2012\Projects\Sign_Language_Recognition\Sign_Language_Recognition\x64\Debug\CL.write.1.tlog
C:\Users\shihaos\Documents\Visual Studio 2012\Projects\Sign_Language_Recognition\Sign_Language_Recognition\x64\Debug\custombuild.command.1.tlog
C:\Users\shihaos\Documents\Visual Studio 2012\Projects\Sign_Language_Recognition\Sign_Language_Recognition\x64\Debug\custombuild.read.1.tlog
C:\Users\shihaos\Documents\Visual Studio 2012\Projects\Sign_Language_Recognition\Sign_Language_Recognition\x64\Debug\custombuild.write.1.tlog
C:\Users\shihaos\Documents\Visual Studio 2012\Projects\Sign_Language_Recognition\Sign_Language_Recognition\x64\Debug\link-cvtres.read.1.tlog
C:\Users\shihaos\Documents\Visual Studio 2012\Projects\Sign_Language_Recognition\Sign_Language_Recognition\x64\Debug\link-cvtres.write.1.tlog
C:\Users\shihaos\Documents\Visual Studio 2012\Projects\Sign_Language_Recognition\Sign_Language_Recognition\x64\Debug\link-rc.read.1.tlog
C:\Users\shihaos\Documents\Visual Studio 2012\Projects\Sign_Language_Recognition\Sign_Language_Recognition\x64\Debug\link-rc.write.1.tlog
C:\Users\shihaos\Documents\Visual Studio 2012\Projects\Sign_Language_Recognition\Sign_Language_Recognition\x64\Debug\link.command.1.tlog
C:\Users\shihaos\Documents\Visual Studio 2012\Projects\Sign_Language_Recognition\Sign_Language_Recognition\x64\Debug\link.read.1.tlog
C:\Users\shihaos\Documents\Visual Studio 2012\Projects\Sign_Language_Recognition\Sign_Language_Recognition\x64\Debug\link.write.1.tlog
C:\Users\shihaos\Documents\Visual Studio 2012\Projects\Sign_Language_Recognition\Sign_Language_Recognition\x64\Debug\vc110.pdb
C:\Users\shihaos\Documents\Visual Studio 2012\Projects\Sign_Language_Recognition\x64\Debug\Sign_Language_Recognition.pdb
