生成启动时间为 2014/1/3 21:30:28。
     1>项目“C:\Users\shihaos\Documents\Visual Studio 2012\Projects\Sign_Language_Recognition\Sign_Language_Recognition\Sign_Language_Recognition.vcxproj”在节点 2 上(Build 个目标)。
     1>CustomBuild:
         Moc'ing sign_language_recognition.h...
         Moc'ing GLWidget.h...
         Moc'ing abstractSceneManager.h...
         Moc'ing SceneWindow.h...
         Moc'ing SceneManager.h...
         Moc'ing SwiftModel.h...
         Moc'ing HMMModel.h...
       ClCompile:
         C:\Program Files (x86)\Microsoft Visual Studio 11.0\VC\bin\CL.exe /c /I.\GeneratedFiles /I. /ID:\Qt\Qt5.1.1\5.1.1\msvc2012_64_opengl\include /I.\GeneratedFiles\Debug /ID:\Qt\Qt5.1.1\5.1.1\msvc2012_64_opengl\include\QtCore /ID:\Qt\Qt5.1.1\5.1.1\msvc2012_64_opengl\include\QtGui /ID:\Qt\Qt5.1.1\5.1.1\msvc2012_64_opengl\include\QtSql /ID:\Qt\Qt5.1.1\5.1.1\msvc2012_64_opengl\include\QtOpenGL /ID:\Qt\Qt5.1.1\5.1.1\msvc2012_64_opengl\include\QtWidgets /IE:\OpenGL /Zi /nologo /W1 /WX- /Od /Oy- /D UNICODE /D WIN32 /D WIN64 /D QT_DLL /D QT_CORE_LIB /D QT_GUI_LIB /D QT_SQL_LIB /D QT_OPENGL_LIB /D QT_WIDGETS_LIB /Gm- /EHsc /MDd /GS /fp:precise /Zc:wchar_t- /Zc:forScope /Fo"Debug\\" /Fd"Debug\vc110.pdb" /Gd /TP /analyze- /errorReport:prompt ..\libhmm\HMM.cpp ..\libhmm\k_mean.cpp ..\libhmm\mem.cpp ..\libhmm\newmat\bandmat.cpp ..\libhmm\newmat\cholesky.cpp ..\libhmm\newmat\evalue.cpp ..\libhmm\newmat\fft.cpp ..\libhmm\newmat\hholder.cpp ..\libhmm\newmat\jacobi.cpp ..\libhmm\newmat\myexcept.cpp ..\libhmm\newmat\newfft.cpp ..\libhmm\newmat\newmat1.cpp ..\libhmm\newmat\newmat2.cpp ..\libhmm\newmat\newmat3.cpp ..\libhmm\newmat\newmat4.cpp ..\libhmm\newmat\newmat5.cpp ..\libhmm\newmat\newmat6.cpp ..\libhmm\newmat\newmat7.cpp ..\libhmm\newmat\newmat8.cpp ..\libhmm\newmat\newmat9.cpp ..\libhmm\newmat\newmatex.cpp ..\libhmm\newmat\newmatnl.cpp ..\libhmm\newmat\newmatrm.cpp ..\libhmm\newmat\solution.cpp ..\libhmm\newmat\sort.cpp ..\libhmm\newmat\submat.cpp ..\libhmm\newmat\svd.cpp ..\libhmm\State.cpp ..\MathLib\BasicException.cpp ..\MathLib\Filter\mkCButterworth.cpp ..\MathLib\Filter\mkCDynamicMatrix.cpp ..\MathLib\Filter\mkCGenericFilter.cpp ..\MathLib\Mathematics.cpp ..\MathLib\PCA\pca.cpp ..\MotionData\BVHReader.cpp ..\MotionData\BVHWriter.cpp ..\MotionData\DataRW.cpp ..\MotionData\MotionClip.cpp ..\MotionData\MotionEditor.cpp ..\MotionData\MotionJoint.cpp ..\MotionData\SerialTextDataReader.cpp ..\MotionData\spline.cpp ..\MotionRecognition\FClassifier.cpp ..\MotionRecognition\Feature.cpp ..\MotionRecognition\FeatureManager.cpp ..\MotionRecognition\FeatureParser.cpp ..\MotionRecognition\FTrainer.cpp ..\MotionRecognition\FWeakClassifierManager.cpp ..\MotionRecognition\HMMClassifier.cpp ..\MotionRecognition\InfoCalculator.cpp ..\MotionRecognition\PCARecognizer.cpp ..\MotionRecognition\PriFeatureClip.cpp ..\MotionRecognition\RuleManager.cpp ..\MotionRecognition\RuleNode.cpp ..\SceneViewer\abstractSceneManager.cpp ..\SceneViewer\BoneNode.cpp ..\SceneViewer\Ellipse.cpp ..\SceneViewer\GLWidget.cpp ..\SceneViewer\Ground.cpp ..\SceneViewer\IDManager.cpp ..\SceneViewer\Node.cpp ..\SceneViewer\RenderQueue.cpp ..\SceneViewer\SceneManager.cpp ..\SceneViewer\SceneNode.cpp ..\SceneViewer\SceneObject.cpp ..\SceneViewer\SceneWindow.cpp ..\SceneViewer\SimpleObject.cpp ..\SceneViewer\Skeleton.cpp ..\SceneViewer\TraceTable.cpp ..\SwiftModel\HMMModel.cpp ..\SwiftModel\SwiftModel.cpp ..\Util\config.cpp ..\Util\debug_dialog.cpp GeneratedFiles\Debug\moc_abstractSceneManager.cpp GeneratedFiles\Debug\moc_GLWidget.cpp GeneratedFiles\Debug\moc_HMMModel.cpp GeneratedFiles\Debug\moc_SceneManager.cpp GeneratedFiles\Debug\moc_SceneWindow.cpp GeneratedFiles\Debug\moc_sign_language_recognition.cpp GeneratedFiles\Debug\moc_SwiftModel.cpp main.cpp sign_language_recognition.cpp
         HMM.cpp
         k_mean.cpp
         mem.cpp
         bandmat.cpp
         cholesky.cpp
         evalue.cpp
         fft.cpp
         hholder.cpp
         jacobi.cpp
         myexcept.cpp
         newfft.cpp
         newmat1.cpp
         newmat2.cpp
         newmat3.cpp
         newmat4.cpp
         newmat5.cpp
         newmat6.cpp
         newmat7.cpp
         newmat8.cpp
         newmat9.cpp
         正在生成代码...
         正在编译...
         newmatex.cpp
         newmatnl.cpp
         newmatrm.cpp
         solution.cpp
         sort.cpp
         submat.cpp
         svd.cpp
         State.cpp
         BasicException.cpp
         mkCButterworth.cpp
         mkCDynamicMatrix.cpp
         mkCGenericFilter.cpp
         Mathematics.cpp
         pca.cpp
         BVHReader.cpp
         BVHWriter.cpp
         DataRW.cpp
         MotionClip.cpp
         MotionEditor.cpp
         MotionJoint.cpp
         正在生成代码...
         正在编译...
         SerialTextDataReader.cpp
         spline.cpp
         FClassifier.cpp
         Feature.cpp
         FeatureManager.cpp
         FeatureParser.cpp
         FTrainer.cpp
         FWeakClassifierManager.cpp
         HMMClassifier.cpp
         InfoCalculator.cpp
         PCARecognizer.cpp
         PriFeatureClip.cpp
         RuleManager.cpp
         RuleNode.cpp
         abstractSceneManager.cpp
         BoneNode.cpp
         Ellipse.cpp
         GLWidget.cpp
         Ground.cpp
         IDManager.cpp
         正在生成代码...
         正在编译...
         Node.cpp
         RenderQueue.cpp
         SceneManager.cpp
         SceneNode.cpp
         SceneObject.cpp
         SceneWindow.cpp
         SimpleObject.cpp
         Skeleton.cpp
         TraceTable.cpp
         HMMModel.cpp
         SwiftModel.cpp
         config.cpp
         debug_dialog.cpp
         moc_abstractSceneManager.cpp
         moc_GLWidget.cpp
         moc_HMMModel.cpp
         moc_SceneManager.cpp
         moc_SceneWindow.cpp
         moc_sign_language_recognition.cpp
         moc_SwiftModel.cpp
         正在生成代码...
         正在编译...
         main.cpp
         sign_language_recognition.cpp
         正在生成代码...
         C:\Program Files (x86)\Microsoft Visual Studio 11.0\VC\bin\CL.exe /c /I.\GeneratedFiles /I. /ID:\Qt\Qt5.1.1\5.1.1\msvc2012_64_opengl\include /I.\GeneratedFiles\Debug /ID:\Qt\Qt5.1.1\5.1.1\msvc2012_64_opengl\include\QtCore /ID:\Qt\Qt5.1.1\5.1.1\msvc2012_64_opengl\include\QtGui /ID:\Qt\Qt5.1.1\5.1.1\msvc2012_64_opengl\include\QtSql /ID:\Qt\Qt5.1.1\5.1.1\msvc2012_64_opengl\include\QtOpenGL /ID:\Qt\Qt5.1.1\5.1.1\msvc2012_64_opengl\include\QtWidgets /IE:\OpenGL /Zi /nologo /W1 /WX- /Od /Oy- /D UNICODE /D WIN32 /D WIN64 /D QT_DLL /D QT_CORE_LIB /D QT_GUI_LIB /D QT_SQL_LIB /D QT_OPENGL_LIB /D QT_WIDGETS_LIB /Gm- /EHsc /MDd /GS /fp:precise /Zc:wchar_t- /Zc:forScope /Fo"Debug\\" /Fd"Debug\vc110.pdb" /Gd /TP /analyze- /errorReport:prompt GeneratedFiles\qrc_sign_language_recognition.cpp
         qrc_sign_language_recognition.cpp
       Link:
         C:\Program Files (x86)\Microsoft Visual Studio 11.0\VC\bin\link.exe /ERRORREPORT:PROMPT /OUT:"C:\Users\shihaos\Documents\Visual Studio 2012\Projects\Sign_Language_Recognition\Win32\Debug\\Sign_Language_Recognition.exe" /NOLOGO /LIBPATH:D:\Qt\Qt5.1.1\5.1.1\msvc2012_64_opengl\lib /LIBPATH:E:\OpenGL\lib qtmaind.lib Qt5Cored.lib Qt5Guid.lib Qt5Sqld.lib Qt5OpenGLd.lib opengl32.lib glu32.lib Qt5Widgetsd.lib kernel32.lib user32.lib gdi32.lib winspool.lib comdlg32.lib advapi32.lib shell32.lib ole32.lib oleaut32.lib uuid.lib odbc32.lib odbccp32.lib /MANIFEST /MANIFESTUAC:"level='asInvoker' uiAccess='false'" /manifest:embed /DEBUG /PDB:"C:\Users\shihaos\Documents\Visual Studio 2012\Projects\Sign_Language_Recognition\Win32\Debug\Sign_Language_Recognition.pdb" /SUBSYSTEM:WINDOWS /TLBID:1 /DYNAMICBASE /NXCOMPAT /IMPLIB:"C:\Users\shihaos\Documents\Visual Studio 2012\Projects\Sign_Language_Recognition\Win32\Debug\Sign_Language_Recognition.lib" /MACHINE:X86 /SAFESEH Debug\HMM.obj
         Debug\k_mean.obj
         Debug\mem.obj
         Debug\bandmat.obj
         Debug\cholesky.obj
         Debug\evalue.obj
         Debug\fft.obj
         Debug\hholder.obj
         Debug\jacobi.obj
         Debug\myexcept.obj
         Debug\newfft.obj
         Debug\newmat1.obj
         Debug\newmat2.obj
         Debug\newmat3.obj
         Debug\newmat4.obj
         Debug\newmat5.obj
         Debug\newmat6.obj
         Debug\newmat7.obj
         Debug\newmat8.obj
         Debug\newmat9.obj
         Debug\newmatex.obj
         Debug\newmatnl.obj
         Debug\newmatrm.obj
         Debug\solution.obj
         Debug\sort.obj
         Debug\submat.obj
         Debug\svd.obj
         Debug\State.obj
         Debug\BasicException.obj
         Debug\mkCButterworth.obj
         Debug\mkCDynamicMatrix.obj
         Debug\mkCGenericFilter.obj
         Debug\Mathematics.obj
         Debug\pca.obj
         Debug\BVHReader.obj
         Debug\BVHWriter.obj
         Debug\DataRW.obj
         Debug\MotionClip.obj
         Debug\MotionEditor.obj
         Debug\MotionJoint.obj
         Debug\SerialTextDataReader.obj
         Debug\spline.obj
         Debug\FClassifier.obj
         Debug\Feature.obj
         Debug\FeatureManager.obj
         Debug\FeatureParser.obj
         Debug\FTrainer.obj
         Debug\FWeakClassifierManager.obj
         Debug\HMMClassifier.obj
         Debug\InfoCalculator.obj
         Debug\PCARecognizer.obj
         Debug\PriFeatureClip.obj
         Debug\RuleManager.obj
         Debug\RuleNode.obj
         Debug\abstractSceneManager.obj
         Debug\BoneNode.obj
         Debug\Ellipse.obj
         Debug\GLWidget.obj
         Debug\Ground.obj
         Debug\IDManager.obj
         Debug\Node.obj
         Debug\RenderQueue.obj
         Debug\SceneManager.obj
         Debug\SceneNode.obj
         Debug\SceneObject.obj
         Debug\SceneWindow.obj
         Debug\SimpleObject.obj
         Debug\Skeleton.obj
         Debug\TraceTable.obj
         Debug\HMMModel.obj
         Debug\SwiftModel.obj
         Debug\config.obj
         Debug\debug_dialog.obj
         Debug\moc_abstractSceneManager.obj
         Debug\moc_GLWidget.obj
         Debug\moc_HMMModel.obj
         Debug\moc_SceneManager.obj
         Debug\moc_SceneWindow.obj
         Debug\moc_sign_language_recognition.obj
         Debug\moc_SwiftModel.obj
         Debug\qrc_sign_language_recognition.obj
         Debug\main.obj
         Debug\sign_language_recognition.obj
     1>Qt5Cored.lib(Qt5Cored.dll) : fatal error LNK1112: 模块计算机类型“x64”与目标计算机类型“X86”冲突
     1>已完成生成项目“C:\Users\shihaos\Documents\Visual Studio 2012\Projects\Sign_Language_Recognition\Sign_Language_Recognition\Sign_Language_Recognition.vcxproj”(Build 个目标)的操作 - 失败。

生成失败。

已用时间 00:03:56.44
